<?xml version="1.0" encoding="UTF-8"?>
<testsuite name="tests.lakeshore340.Lakeshore340Tests-20210811094125" tests="89" file="tests/lakeshore340.py" time="246.318" timestamp="2021-08-11T09:46:01" failures="1" errors="0" skipped="0">
	<testcase classname="tests.lakeshore340.Lakeshore340Tests" name="test_WHEN_device_is_started_THEN_it_is_not_disabled" time="0.004" timestamp="2021-08-11T09:41:55" file="system_tests\tests\lakeshore340.py" line="84"/>
	<testcase classname="tests.lakeshore340.Lakeshore340Tests" name="test_WHEN_do_not_use_file_THEN_threshold_file_is_not_set" time="19.296" timestamp="2021-08-11T09:42:14" file="system_tests\tests\lakeshore340.py" line="147"/>
	<testcase classname="tests.lakeshore340.Lakeshore340Tests" name="test_WHEN_excitation_a_set_THEN_can_be_read_back_01_30_nA" time="0.092" timestamp="2021-08-11T09:42:30" file="system_tests\tests\lakeshore340.py" line="531"/>
	<testcase classname="tests.lakeshore340.Lakeshore340Tests" name="test_WHEN_excitation_a_set_THEN_can_be_read_back_02_100_nA" time="3.984" timestamp="2021-08-11T09:42:33" file="system_tests\tests\lakeshore340.py" line="531"/>
	<testcase classname="tests.lakeshore340.Lakeshore340Tests" name="test_WHEN_excitation_a_set_THEN_can_be_read_back_03_300_nA" time="5.001" timestamp="2021-08-11T09:42:38" file="system_tests\tests\lakeshore340.py" line="531"/>
	<testcase classname="tests.lakeshore340.Lakeshore340Tests" name="test_WHEN_excitation_a_set_THEN_can_be_read_back_04_1_uA" time="4.969" timestamp="2021-08-11T09:42:43" file="system_tests\tests\lakeshore340.py" line="531"/>
	<testcase classname="tests.lakeshore340.Lakeshore340Tests" name="test_WHEN_excitation_a_set_THEN_can_be_read_back_05_3_uA" time="4.955" timestamp="2021-08-11T09:42:48" file="system_tests\tests\lakeshore340.py" line="531"/>
	<testcase classname="tests.lakeshore340.Lakeshore340Tests" name="test_WHEN_excitation_a_set_THEN_can_be_read_back_06_10_uA" time="5.001" timestamp="2021-08-11T09:42:53" file="system_tests\tests\lakeshore340.py" line="531"/>
	<testcase classname="tests.lakeshore340.Lakeshore340Tests" name="test_WHEN_excitation_a_set_THEN_can_be_read_back_07_30_uA" time="5.003" timestamp="2021-08-11T09:42:58" file="system_tests\tests\lakeshore340.py" line="531"/>
	<testcase classname="tests.lakeshore340.Lakeshore340Tests" name="test_WHEN_excitation_a_set_THEN_can_be_read_back_08_100_uA" time="5.034" timestamp="2021-08-11T09:43:03" file="system_tests\tests\lakeshore340.py" line="531"/>
	<testcase classname="tests.lakeshore340.Lakeshore340Tests" name="test_WHEN_excitation_a_set_THEN_can_be_read_back_09_300_uA" time="4.918" timestamp="2021-08-11T09:43:08" file="system_tests\tests\lakeshore340.py" line="531"/>
	<testcase classname="tests.lakeshore340.Lakeshore340Tests" name="test_WHEN_excitation_a_set_THEN_can_be_read_back_10_1_mA" time="5.142" timestamp="2021-08-11T09:43:14" file="system_tests\tests\lakeshore340.py" line="531"/>
	<testcase classname="tests.lakeshore340.Lakeshore340Tests" name="test_WHEN_excitation_a_set_THEN_can_be_read_back_11_10_mV" time="4.839" timestamp="2021-08-11T09:43:18" file="system_tests\tests\lakeshore340.py" line="531"/>
	<testcase classname="tests.lakeshore340.Lakeshore340Tests" name="test_WHEN_excitation_a_set_THEN_can_be_read_back_12_1_mV" time="5.021" timestamp="2021-08-11T09:43:23" file="system_tests\tests\lakeshore340.py" line="531"/>
	<testcase classname="tests.lakeshore340.Lakeshore340Tests" name="test_WHEN_heater_power_set_via_backdoor_THEN_can_be_read_back_0_0" time="0.250" timestamp="2021-08-11T09:43:24" file="system_tests\tests\lakeshore340.py" line="531"/>
	<testcase classname="tests.lakeshore340.Lakeshore340Tests" name="test_WHEN_heater_power_set_via_backdoor_THEN_can_be_read_back_1_0_01" time="0.692" timestamp="2021-08-11T09:43:24" file="system_tests\tests\lakeshore340.py" line="531"/>
	<testcase classname="tests.lakeshore340.Lakeshore340Tests" name="test_WHEN_heater_power_set_via_backdoor_THEN_can_be_read_back_2_12_34" time="0.999" timestamp="2021-08-11T09:43:25" file="system_tests\tests\lakeshore340.py" line="531"/>
	<testcase classname="tests.lakeshore340.Lakeshore340Tests" name="test_WHEN_heater_power_set_via_backdoor_THEN_can_be_read_back_3_99_99" time="0.997" timestamp="2021-08-11T09:43:26" file="system_tests\tests\lakeshore340.py" line="531"/>
	<testcase classname="tests.lakeshore340.Lakeshore340Tests" name="test_WHEN_heater_power_set_via_backdoor_THEN_can_be_read_back_4_100_0" time="1.012" timestamp="2021-08-11T09:43:27" file="system_tests\tests\lakeshore340.py" line="531"/>
	<testcase classname="tests.lakeshore340.Lakeshore340Tests" name="test_WHEN_heater_range_set_THEN_can_be_read_back_0_0_" time="0.171" timestamp="2021-08-11T09:43:28" file="system_tests\tests\lakeshore340.py" line="531"/>
	<testcase classname="tests.lakeshore340.Lakeshore340Tests" name="test_WHEN_heater_range_set_THEN_can_be_read_back_1_0_01_" time="0.823" timestamp="2021-08-11T09:43:28" file="system_tests\tests\lakeshore340.py" line="531"/>
	<testcase classname="tests.lakeshore340.Lakeshore340Tests" name="test_WHEN_heater_range_set_THEN_can_be_read_back_2_0_1_" time="4.993" timestamp="2021-08-11T09:43:33" file="system_tests\tests\lakeshore340.py" line="531"/>
	<testcase classname="tests.lakeshore340.Lakeshore340Tests" name="test_WHEN_heater_range_set_THEN_can_be_read_back_3_1_" time="5.026" timestamp="2021-08-11T09:43:38" file="system_tests\tests\lakeshore340.py" line="531"/>
	<testcase classname="tests.lakeshore340.Lakeshore340Tests" name="test_WHEN_heater_range_set_THEN_can_be_read_back_4_10_" time="5.100" timestamp="2021-08-11T09:43:43" file="system_tests\tests\lakeshore340.py" line="531"/>
	<testcase classname="tests.lakeshore340.Lakeshore340Tests" name="test_WHEN_heater_range_set_THEN_can_be_read_back_5_100_" time="4.989" timestamp="2021-08-11T09:43:48" file="system_tests\tests\lakeshore340.py" line="531"/>
	<testcase classname="tests.lakeshore340.Lakeshore340Tests" name="test_WHEN_initialise_with_incorrect_macro_THEN_pv_is_in_alarm" time="19.353" timestamp="2021-08-11T09:44:08" file="system_tests\tests\lakeshore340.py" line="152"/>
	<testcase classname="tests.lakeshore340.Lakeshore340Tests" name="test_WHEN_initialise_with_invalid_file_THEN_pv_is_in_alarm" time="29.425" timestamp="2021-08-11T09:44:37" file="system_tests\tests\lakeshore340.py" line="160"/>
	<testcase classname="tests.lakeshore340.Lakeshore340Tests" name="test_WHEN_loop_turned_on_or_off_THEN_can_be_read_back_0_On" time="4.497" timestamp="2021-08-11T09:44:42" file="system_tests\tests\lakeshore340.py" line="531"/>
	<testcase classname="tests.lakeshore340.Lakeshore340Tests" name="test_WHEN_loop_turned_on_or_off_THEN_can_be_read_back_1_Off" time="4.895" timestamp="2021-08-11T09:44:47" file="system_tests\tests\lakeshore340.py" line="531"/>
	<testcase classname="tests.lakeshore340.Lakeshore340Tests" name="test_WHEN_max_temperature_set_THEN_can_be_read_back_0_0_0" time="0.188" timestamp="2021-08-11T09:44:47" file="system_tests\tests\lakeshore340.py" line="531"/>
	<testcase classname="tests.lakeshore340.Lakeshore340Tests" name="test_WHEN_max_temperature_set_THEN_can_be_read_back_1_0_0001" time="4.845" timestamp="2021-08-11T09:44:52" file="system_tests\tests\lakeshore340.py" line="531"/>
	<testcase classname="tests.lakeshore340.Lakeshore340Tests" name="test_WHEN_max_temperature_set_THEN_can_be_read_back_2_1_0001" time="4.985" timestamp="2021-08-11T09:44:57" file="system_tests\tests\lakeshore340.py" line="531"/>
	<testcase classname="tests.lakeshore340.Lakeshore340Tests" name="test_WHEN_max_temperature_set_THEN_can_be_read_back_3_123_456" time="4.840" timestamp="2021-08-11T09:45:01" file="system_tests\tests\lakeshore340.py" line="531"/>
	<testcase classname="tests.lakeshore340.Lakeshore340Tests" name="test_WHEN_measurement_set_via_backdoor_THEN_it_can_be_read_back_00__A_0_0_" time="0.255" timestamp="2021-08-11T09:45:02" file="system_tests\tests\lakeshore340.py" line="531"/>
	<testcase classname="tests.lakeshore340.Lakeshore340Tests" name="test_WHEN_measurement_set_via_backdoor_THEN_it_can_be_read_back_01__A_0_0001_" time="0.684" timestamp="2021-08-11T09:45:02" file="system_tests\tests\lakeshore340.py" line="531"/>
	<testcase classname="tests.lakeshore340.Lakeshore340Tests" name="test_WHEN_measurement_set_via_backdoor_THEN_it_can_be_read_back_02__A_1_0001_" time="1.000" timestamp="2021-08-11T09:45:03" file="system_tests\tests\lakeshore340.py" line="531"/>
	<testcase classname="tests.lakeshore340.Lakeshore340Tests" name="test_WHEN_measurement_set_via_backdoor_THEN_it_can_be_read_back_03__A_123_456_" time="0.994" timestamp="2021-08-11T09:45:04" file="system_tests\tests\lakeshore340.py" line="531"/>
	<testcase classname="tests.lakeshore340.Lakeshore340Tests" name="test_WHEN_measurement_set_via_backdoor_THEN_it_can_be_read_back_04__B_0_0_" time="0.269" timestamp="2021-08-11T09:45:05" file="system_tests\tests\lakeshore340.py" line="531"/>
	<testcase classname="tests.lakeshore340.Lakeshore340Tests" name="test_WHEN_measurement_set_via_backdoor_THEN_it_can_be_read_back_05__B_0_0001_" time="0.767" timestamp="2021-08-11T09:45:05" file="system_tests\tests\lakeshore340.py" line="531"/>
	<testcase classname="tests.lakeshore340.Lakeshore340Tests" name="test_WHEN_measurement_set_via_backdoor_THEN_it_can_be_read_back_06__B_1_0001_" time="0.980" timestamp="2021-08-11T09:45:06" file="system_tests\tests\lakeshore340.py" line="531"/>
	<testcase classname="tests.lakeshore340.Lakeshore340Tests" name="test_WHEN_measurement_set_via_backdoor_THEN_it_can_be_read_back_07__B_123_456_" time="1.008" timestamp="2021-08-11T09:45:07" file="system_tests\tests\lakeshore340.py" line="531"/>
	<testcase classname="tests.lakeshore340.Lakeshore340Tests" name="test_WHEN_measurement_set_via_backdoor_THEN_it_can_be_read_back_08__C_0_0_" time="0.252" timestamp="2021-08-11T09:45:08" file="system_tests\tests\lakeshore340.py" line="531"/>
	<testcase classname="tests.lakeshore340.Lakeshore340Tests" name="test_WHEN_measurement_set_via_backdoor_THEN_it_can_be_read_back_09__C_0_0001_" time="0.778" timestamp="2021-08-11T09:45:08" file="system_tests\tests\lakeshore340.py" line="531"/>
	<testcase classname="tests.lakeshore340.Lakeshore340Tests" name="test_WHEN_measurement_set_via_backdoor_THEN_it_can_be_read_back_10__C_1_0001_" time="1.012" timestamp="2021-08-11T09:45:09" file="system_tests\tests\lakeshore340.py" line="531"/>
	<testcase classname="tests.lakeshore340.Lakeshore340Tests" name="test_WHEN_measurement_set_via_backdoor_THEN_it_can_be_read_back_11__C_123_456_" time="0.981" timestamp="2021-08-11T09:45:10" file="system_tests\tests\lakeshore340.py" line="531"/>
	<testcase classname="tests.lakeshore340.Lakeshore340Tests" name="test_WHEN_measurement_set_via_backdoor_THEN_it_can_be_read_back_12__D_0_0_" time="0.250" timestamp="2021-08-11T09:45:11" file="system_tests\tests\lakeshore340.py" line="531"/>
	<testcase classname="tests.lakeshore340.Lakeshore340Tests" name="test_WHEN_measurement_set_via_backdoor_THEN_it_can_be_read_back_13__D_0_0001_" time="0.917" timestamp="2021-08-11T09:45:12" file="system_tests\tests\lakeshore340.py" line="531"/>
	<testcase classname="tests.lakeshore340.Lakeshore340Tests" name="test_WHEN_measurement_set_via_backdoor_THEN_it_can_be_read_back_14__D_1_0001_" time="0.859" timestamp="2021-08-11T09:45:12" file="system_tests\tests\lakeshore340.py" line="531"/>
	<testcase classname="tests.lakeshore340.Lakeshore340Tests" name="test_WHEN_measurement_set_via_backdoor_THEN_it_can_be_read_back_15__D_123_456_" time="0.996" timestamp="2021-08-11T09:45:13" file="system_tests\tests\lakeshore340.py" line="531"/>
	<testcase classname="tests.lakeshore340.Lakeshore340Tests" name="test_WHEN_pid_settings_changed_THEN_can_be_read_back_00__P_0_0_" time="0.186" timestamp="2021-08-11T09:45:14" file="system_tests\tests\lakeshore340.py" line="531"/>
	<testcase classname="tests.lakeshore340.Lakeshore340Tests" name="test_WHEN_pid_settings_changed_THEN_can_be_read_back_01__P_0_0001_" time="0.110" timestamp="2021-08-11T09:45:14" file="system_tests\tests\lakeshore340.py" line="531"/>
	<testcase classname="tests.lakeshore340.Lakeshore340Tests" name="test_WHEN_pid_settings_changed_THEN_can_be_read_back_02__P_1_0001_" time="0.092" timestamp="2021-08-11T09:45:14" file="system_tests\tests\lakeshore340.py" line="531"/>
	<testcase classname="tests.lakeshore340.Lakeshore340Tests" name="test_WHEN_pid_settings_changed_THEN_can_be_read_back_03__P_123_456_" time="0.092" timestamp="2021-08-11T09:45:14" file="system_tests\tests\lakeshore340.py" line="531"/>
	<testcase classname="tests.lakeshore340.Lakeshore340Tests" name="test_WHEN_pid_settings_changed_THEN_can_be_read_back_04__I_0_0_" time="0.186" timestamp="2021-08-11T09:45:14" file="system_tests\tests\lakeshore340.py" line="531"/>
	<testcase classname="tests.lakeshore340.Lakeshore340Tests" name="test_WHEN_pid_settings_changed_THEN_can_be_read_back_05__I_0_0001_" time="0.110" timestamp="2021-08-11T09:45:14" file="system_tests\tests\lakeshore340.py" line="531"/>
	<testcase classname="tests.lakeshore340.Lakeshore340Tests" name="test_WHEN_pid_settings_changed_THEN_can_be_read_back_06__I_1_0001_" time="0.107" timestamp="2021-08-11T09:45:14" file="system_tests\tests\lakeshore340.py" line="531"/>
	<testcase classname="tests.lakeshore340.Lakeshore340Tests" name="test_WHEN_pid_settings_changed_THEN_can_be_read_back_07__I_123_456_" time="0.172" timestamp="2021-08-11T09:45:15" file="system_tests\tests\lakeshore340.py" line="531"/>
	<testcase classname="tests.lakeshore340.Lakeshore340Tests" name="test_WHEN_pid_settings_changed_THEN_can_be_read_back_08__D_0_0_" time="0.203" timestamp="2021-08-11T09:45:15" file="system_tests\tests\lakeshore340.py" line="531"/>
	<testcase classname="tests.lakeshore340.Lakeshore340Tests" name="test_WHEN_pid_settings_changed_THEN_can_be_read_back_09__D_0_0001_" time="0.062" timestamp="2021-08-11T09:45:15" file="system_tests\tests\lakeshore340.py" line="531"/>
	<testcase classname="tests.lakeshore340.Lakeshore340Tests" name="test_WHEN_pid_settings_changed_THEN_can_be_read_back_0_Manual_PID" time="0.187" timestamp="2021-08-11T09:45:15" file="system_tests\tests\lakeshore340.py" line="531"/>
	<testcase classname="tests.lakeshore340.Lakeshore340Tests" name="test_WHEN_pid_settings_changed_THEN_can_be_read_back_10__D_1_0001_" time="0.108" timestamp="2021-08-11T09:45:15" file="system_tests\tests\lakeshore340.py" line="531"/>
	<testcase classname="tests.lakeshore340.Lakeshore340Tests" name="test_WHEN_pid_settings_changed_THEN_can_be_read_back_11__D_123_456_" time="0.094" timestamp="2021-08-11T09:45:15" file="system_tests\tests\lakeshore340.py" line="531"/>
	<testcase classname="tests.lakeshore340.Lakeshore340Tests" name="test_WHEN_pid_settings_changed_THEN_can_be_read_back_1_Zone" time="1.165" timestamp="2021-08-11T09:45:16" file="system_tests\tests\lakeshore340.py" line="531"/>
	<testcase classname="tests.lakeshore340.Lakeshore340Tests" name="test_WHEN_pid_settings_changed_THEN_can_be_read_back_2_Open_Loop" time="4.993" timestamp="2021-08-11T09:45:21" file="system_tests\tests\lakeshore340.py" line="531"/>
	<testcase classname="tests.lakeshore340.Lakeshore340Tests" name="test_WHEN_pid_settings_changed_THEN_can_be_read_back_3_Autotune_PID" time="5.005" timestamp="2021-08-11T09:45:26" file="system_tests\tests\lakeshore340.py" line="531"/>
	<testcase classname="tests.lakeshore340.Lakeshore340Tests" name="test_WHEN_pid_settings_changed_THEN_can_be_read_back_4_Autotune_PI" time="4.983" timestamp="2021-08-11T09:45:31" file="system_tests\tests\lakeshore340.py" line="531"/>
	<testcase classname="tests.lakeshore340.Lakeshore340Tests" name="test_WHEN_pid_settings_changed_THEN_can_be_read_back_5_Autotune_P" time="4.979" timestamp="2021-08-11T09:45:36" file="system_tests\tests\lakeshore340.py" line="531"/>
	<testcase classname="tests.lakeshore340.Lakeshore340Tests" name="test_WHEN_temperature_set_via_backdoor_THEN_it_can_be_read_back_00__A_0_0_" time="0.249" timestamp="2021-08-11T09:45:37" file="system_tests\tests\lakeshore340.py" line="531"/>
	<testcase classname="tests.lakeshore340.Lakeshore340Tests" name="test_WHEN_temperature_set_via_backdoor_THEN_it_can_be_read_back_01__A_0_0001_" time="0.765" timestamp="2021-08-11T09:45:37" file="system_tests\tests\lakeshore340.py" line="531"/>
	<testcase classname="tests.lakeshore340.Lakeshore340Tests" name="test_WHEN_temperature_set_via_backdoor_THEN_it_can_be_read_back_02__A_1_0001_" time="1.001" timestamp="2021-08-11T09:45:38" file="system_tests\tests\lakeshore340.py" line="531"/>
	<testcase classname="tests.lakeshore340.Lakeshore340Tests" name="test_WHEN_temperature_set_via_backdoor_THEN_it_can_be_read_back_03__A_123_456_" time="1.013" timestamp="2021-08-11T09:45:39" file="system_tests\tests\lakeshore340.py" line="531"/>
	<testcase classname="tests.lakeshore340.Lakeshore340Tests" name="test_WHEN_temperature_set_via_backdoor_THEN_it_can_be_read_back_04__B_0_0_" time="0.253" timestamp="2021-08-11T09:45:40" file="system_tests\tests\lakeshore340.py" line="531"/>
	<testcase classname="tests.lakeshore340.Lakeshore340Tests" name="test_WHEN_temperature_set_via_backdoor_THEN_it_can_be_read_back_05__B_0_0001_" time="0.775" timestamp="2021-08-11T09:45:40" file="system_tests\tests\lakeshore340.py" line="531"/>
	<testcase classname="tests.lakeshore340.Lakeshore340Tests" name="test_WHEN_temperature_set_via_backdoor_THEN_it_can_be_read_back_06__B_1_0001_" time="1.059" timestamp="2021-08-11T09:45:41" file="system_tests\tests\lakeshore340.py" line="531"/>
	<testcase classname="tests.lakeshore340.Lakeshore340Tests" name="test_WHEN_temperature_set_via_backdoor_THEN_it_can_be_read_back_07__B_123_456_" time="0.934" timestamp="2021-08-11T09:45:42" file="system_tests\tests\lakeshore340.py" line="531"/>
	<testcase classname="tests.lakeshore340.Lakeshore340Tests" name="test_WHEN_temperature_set_via_backdoor_THEN_it_can_be_read_back_08__C_0_0_" time="0.251" timestamp="2021-08-11T09:45:43" file="system_tests\tests\lakeshore340.py" line="531"/>
	<testcase classname="tests.lakeshore340.Lakeshore340Tests" name="test_WHEN_temperature_set_via_backdoor_THEN_it_can_be_read_back_09__C_0_0001_" time="0.775" timestamp="2021-08-11T09:45:43" file="system_tests\tests\lakeshore340.py" line="531"/>
	<testcase classname="tests.lakeshore340.Lakeshore340Tests" name="test_WHEN_temperature_set_via_backdoor_THEN_it_can_be_read_back_10__C_1_0001_" time="0.984" timestamp="2021-08-11T09:45:44" file="system_tests\tests\lakeshore340.py" line="531"/>
	<testcase classname="tests.lakeshore340.Lakeshore340Tests" name="test_WHEN_temperature_set_via_backdoor_THEN_it_can_be_read_back_11__C_123_456_" time="1.012" timestamp="2021-08-11T09:45:45" file="system_tests\tests\lakeshore340.py" line="531"/>
	<testcase classname="tests.lakeshore340.Lakeshore340Tests" name="test_WHEN_temperature_set_via_backdoor_THEN_it_can_be_read_back_12__D_0_0_" time="0.252" timestamp="2021-08-11T09:45:46" file="system_tests\tests\lakeshore340.py" line="531"/>
	<testcase classname="tests.lakeshore340.Lakeshore340Tests" name="test_WHEN_temperature_set_via_backdoor_THEN_it_can_be_read_back_13__D_0_0001_" time="0.766" timestamp="2021-08-11T09:45:46" file="system_tests\tests\lakeshore340.py" line="531"/>
	<testcase classname="tests.lakeshore340.Lakeshore340Tests" name="test_WHEN_temperature_set_via_backdoor_THEN_it_can_be_read_back_14__D_1_0001_" time="1.000" timestamp="2021-08-11T09:45:47" file="system_tests\tests\lakeshore340.py" line="531"/>
	<testcase classname="tests.lakeshore340.Lakeshore340Tests" name="test_WHEN_temperature_set_via_backdoor_THEN_it_can_be_read_back_15__D_123_456_" time="0.999" timestamp="2021-08-11T09:45:48" file="system_tests\tests\lakeshore340.py" line="531"/>
	<testcase classname="tests.lakeshore340.Lakeshore340Tests" name="test_WHEN_tset_is_changed_THEN_readback_updates_0_0_0" time="0.172" timestamp="2021-08-11T09:45:49" file="system_tests\tests\lakeshore340.py" line="531"/>
	<testcase classname="tests.lakeshore340.Lakeshore340Tests" name="test_WHEN_tset_is_changed_THEN_readback_updates_1_0_0001" time="2.761" timestamp="2021-08-11T09:45:51" file="system_tests\tests\lakeshore340.py" line="531"/>
	<testcase classname="tests.lakeshore340.Lakeshore340Tests" name="test_WHEN_tset_is_changed_THEN_readback_updates_2_1_0001" time="5.026" timestamp="2021-08-11T09:45:56" file="system_tests\tests\lakeshore340.py" line="531"/>
	<testcase classname="tests.lakeshore340.Lakeshore340Tests" name="test_WHEN_tset_is_changed_THEN_readback_updates_3_123_456" time="4.954" timestamp="2021-08-11T09:46:01" file="system_tests\tests\lakeshore340.py" line="531"/>
	<testcase classname="tests.lakeshore340.Lakeshore340Tests" name="test_WHEN_use_valid_file_THEN_threshold_file_is_none" time="0.001" timestamp="2021-08-11T09:46:01" file="system_tests\tests\lakeshore340.py" line="142"/>
	<testcase classname="tests.lakeshore340.Lakeshore340Tests" name="test_WHEN_excitation_a_set_THEN_can_be_read_back_00_Off" time="15.141" timestamp="2021-08-11T09:42:29" file="system_tests\tests\lakeshore340.py" line="531">
		<failure type="AssertionError" message="Expected PV, 'TE:NDLT1542:LKSH340_01:EXCITATIONA' to have value 'Off' (type: 'str').
Final PV value was '30 nA' (type: 'str')"><![CDATA[Traceback (most recent call last):
  File "C:\Instrument\Apps\Python3\lib\site-packages\parameterized\parameterized.py", line 533, in standalone_func
    return func(*(a + p.args), **p.kwargs)
  File "C:\Instrument\Apps\EPICS\support\lakeshore340\master\system_tests\tests\lakeshore340.py", line 134, in test_WHEN_excitation_a_set_THEN_can_be_read_back
    self.ca.assert_setting_setpoint_sets_readback(excitation, "EXCITATIONA")
  File "C:\Instrument\Apps\EPICS\support\IocTestFramework\master\utils\channel_access.py", line 554, in assert_setting_setpoint_sets_readback
    self.assert_that_pv_is(readback_pv, expected_value, timeout=timeout)
  File "C:\Instrument\Apps\EPICS\support\IocTestFramework\master\utils\channel_access.py", line 269, in assert_that_pv_is
    return self.assert_that_pv_value_causes_func_to_return_true(
  File "C:\Instrument\Apps\EPICS\support\IocTestFramework\master\utils\channel_access.py", line 248, in assert_that_pv_value_causes_func_to_return_true
    raise AssertionError(err)
AssertionError: Expected PV, 'TE:NDLT1542:LKSH340_01:EXCITATIONA' to have value 'Off' (type: 'str').
Final PV value was '30 nA' (type: 'str')
]]></failure>
	</testcase>
</testsuite>
